<?xml version="1.0" encoding="UTF-8"?>
<!-- Generated by org.testng.reporters.JUnitXMLReporter -->
<testsuite ignored="0" hostname="IN-C335VQ3" failures="2" tests="27" name="Test" time="237.951" errors="0" timestamp="2024-11-28T12:18:25 IST">
  <testcase classname="vivaglint.ESR" name="Tc_01" time="0.966"/>
  <testcase classname="vivaglint.ESR" name="Tc_23" time="5.115"/>
  <testcase classname="vivaglint.ESR" name="Tc_17" time="0.16"/>
  <testcase classname="vivaglint.ESR" name="Tc_18" time="0.15"/>
  <testcase classname="vivaglint.ESR" name="Tc_19" time="0.163"/>
  <testcase classname="vivaglint.ESR" name="Tc_14" time="30.299"/>
  <testcase classname="vivaglint.ESR" name="Tc_20" time="0.196"/>
  <testcase classname="vivaglint.ESR" name="Tc_16" time="0.225"/>
  <testcase classname="vivaglint.ESR" name="Tc_02" time="26.393"/>
  <testcase classname="vivaglint.ESR" name="Tc_10" time="0.485"/>
  <testcase classname="vivaglint.ESR" name="Tc_06" time="2.807"/>
  <testcase classname="vivaglint.ESR" name="Tc_07" time="1.706"/>
  <testcase classname="vivaglint.ESR" name="Tc_08" time="1.826"/>
  <testcase classname="vivaglint.ESR" name="Tc_09" time="2.338"/>
  <testcase classname="vivaglint.ESR" name="Tc_11" time="30.176"/>
  <testcase classname="vivaglint.ESR" name="Tc_12" time="0.225"/>
  <testcase classname="vivaglint.ESR" name="Tc_13" time="0.178"/>
  <testcase classname="vivaglint.ESR" name="Tc_15" time="0.224"/>
  <testcase classname="vivaglint.ESR" name="Tc_03" time="26.795"/>
  <testcase classname="vivaglint.ESR" name="Tc_04" time="29.695"/>
  <testcase classname="vivaglint.ESR" name="Tc_22" time="6.736"/>
  <testcase classname="vivaglint.ESR" name="Tc_21" time="4.501"/>
  <testcase classname="vivaglint.ESR" name="Tc_24" time="0.178"/>
  <testcase classname="vivaglint.ESR" name="Tc_05" time="0.533"/>
  <testcase classname="vivaglint.ESR" name="Tc_25" time="6.612"/>
  <testcase classname="vivaglint.ESR" name="Tc_26" time="5.033">
    <failure type="java.lang.AssertionError" message="lists don&amp;apos;t have the same size expected [101] but found [100]">
      <![CDATA[java.lang.AssertionError: lists don't have the same size expected [101] but found [100]
at glint.Executivesummaryreport.FilterList(Executivesummaryreport.java:454)
at vivaglint.ESR.Tc_26(ESR.java:259)
at java.base/java.util.ArrayList.forEach(ArrayList.java:1511)
... Removed 34 stack frames]]>
    </failure>
  </testcase> <!-- Tc_26 -->
  <testcase classname="vivaglint.ESR" name="Tc_27" time="30.131">
    <failure type="org.openqa.selenium.NoSuchElementException" message="no such element: Unable to locate element: {&amp;quot;method&amp;quot;:&amp;quot;xpath&amp;quot;,&amp;quot;selector&amp;quot;:&amp;quot;//span[text()=&amp;quot;Scores&amp;quot;]&amp;quot;}
  (Session info: chrome=131.0.6778.69)
For documentation on this error, please visit: https://www.selenium.dev/documentation/webdriver/troubleshooting/errors#no-such-element-exception
Build info: version: &amp;apos;4.26.0&amp;apos;, revision: &amp;apos;8ccf0219d7&amp;apos;
System info: os.name: &amp;apos;Windows 10&amp;apos;, os.arch: &amp;apos;amd64&amp;apos;, os.version: &amp;apos;10.0&amp;apos;, java.version: &amp;apos;17.0.4.1&amp;apos;
Driver info: org.openqa.selenium.chrome.ChromeDriver
Command: [0dfc9e297bbdff0a345c8a657c559e5d, findElement {using=xpath, value=//span[text()=&amp;quot;Scores&amp;quot;]}]
Capabilities {acceptInsecureCerts: false, browserName: chrome, browserVersion: 131.0.6778.69, chrome: {chromedriverVersion: 131.0.6778.85 (3d81e41b6f3a..., userDataDir: C:\Users\dbegum01\AppData\L...}, fedcm:accounts: true, goog:chromeOptions: {debuggerAddress: localhost:51961}, networkConnectionEnabled: false, pageLoadStrategy: normal, platformName: windows, proxy: Proxy(), se:cdp: ws://localhost:51961/devtoo..., se:cdpVersion: 131.0.6778.69, setWindowRect: true, strictFileInteractability: false, timeouts: {implicit: 0, pageLoad: 300000, script: 30000}, unhandledPromptBehavior: dismiss and notify, webauthn:extension:credBlob: true, webauthn:extension:largeBlob: true, webauthn:extension:minPinLength: true, webauthn:extension:prf: true, webauthn:virtualAuthenticators: true}
Session ID: 0dfc9e297bbdff0a345c8a657c559e5d">
      <![CDATA[org.openqa.selenium.NoSuchElementException: no such element: Unable to locate element: {"method":"xpath","selector":"//span[text()="Scores"]"}
  (Session info: chrome=131.0.6778.69)
For documentation on this error, please visit: https://www.selenium.dev/documentation/webdriver/troubleshooting/errors#no-such-element-exception
Build info: version: '4.26.0', revision: '8ccf0219d7'
System info: os.name: 'Windows 10', os.arch: 'amd64', os.version: '10.0', java.version: '17.0.4.1'
Driver info: org.openqa.selenium.chrome.ChromeDriver
Command: [0dfc9e297bbdff0a345c8a657c559e5d, findElement {using=xpath, value=//span[text()="Scores"]}]
Capabilities {acceptInsecureCerts: false, browserName: chrome, browserVersion: 131.0.6778.69, chrome: {chromedriverVersion: 131.0.6778.85 (3d81e41b6f3a..., userDataDir: C:\Users\dbegum01\AppData\L...}, fedcm:accounts: true, goog:chromeOptions: {debuggerAddress: localhost:51961}, networkConnectionEnabled: false, pageLoadStrategy: normal, platformName: windows, proxy: Proxy(), se:cdp: ws://localhost:51961/devtoo..., se:cdpVersion: 131.0.6778.69, setWindowRect: true, strictFileInteractability: false, timeouts: {implicit: 0, pageLoad: 300000, script: 30000}, unhandledPromptBehavior: dismiss and notify, webauthn:extension:credBlob: true, webauthn:extension:largeBlob: true, webauthn:extension:minPinLength: true, webauthn:extension:prf: true, webauthn:virtualAuthenticators: true}
Session ID: 0dfc9e297bbdff0a345c8a657c559e5d
at org.openqa.selenium.remote.ErrorCodec.decode(ErrorCodec.java:167)
at org.openqa.selenium.remote.codec.w3c.W3CHttpResponseCodec.decode(W3CHttpResponseCodec.java:138)
at org.openqa.selenium.remote.codec.w3c.W3CHttpResponseCodec.decode(W3CHttpResponseCodec.java:50)
at org.openqa.selenium.remote.HttpCommandExecutor.execute(HttpCommandExecutor.java:190)
at org.openqa.selenium.remote.service.DriverCommandExecutor.invokeExecute(DriverCommandExecutor.java:216)
at org.openqa.selenium.remote.service.DriverCommandExecutor.execute(DriverCommandExecutor.java:174)
at org.openqa.selenium.remote.RemoteWebDriver.execute(RemoteWebDriver.java:545)
at org.openqa.selenium.remote.ElementLocation$ElementFinder$2.findElement(ElementLocation.java:165)
at org.openqa.selenium.remote.ElementLocation.findElement(ElementLocation.java:59)
at org.openqa.selenium.remote.RemoteWebDriver.findElement(RemoteWebDriver.java:368)
at org.openqa.selenium.remote.RemoteWebDriver.findElement(RemoteWebDriver.java:362)
at glint.Executivesummaryreport.Settings(Executivesummaryreport.java:460)
at vivaglint.ESR.Tc_27(ESR.java:267)
at java.base/java.util.ArrayList.forEach(ArrayList.java:1511)
... Removed 32 stack frames]]>
    </failure>
  </testcase> <!-- Tc_27 -->
</testsuite> <!-- Test -->
